  6-1.cpp
H:\c++\ООП\6_1\Exhibit.h(14,9): warning C4267: инициализация: преобразование из "size_t" в "int"; возможна потеря данных
H:\c++\ООП\6_1\Exhibit.h(22,10): warning C4267: инициализация: преобразование из "size_t" в "int"; возможна потеря данных
H:\c++\ООП\6_1\Exhibit.h(33,10): warning C4267: инициализация: преобразование из "size_t" в "int"; возможна потеря данных
H:\c++\ООП\6_1\Exhibit.h(53,10): warning C4267: инициализация: преобразование из "size_t" в "int"; возможна потеря данных
H:\c++\ООП\6_1\Exhibit.h(70,9): warning C4267: инициализация: преобразование из "size_t" в "int"; возможна потеря данных
H:\c++\ООП\6_1\ArtObjects.h(16,9): warning C4267: инициализация: преобразование из "size_t" в "int"; возможна потеря данных
H:\c++\ООП\6_1\ArtObjects.h(26,10): warning C4267: инициализация: преобразование из "size_t" в "int"; возможна потеря данных
H:\c++\ООП\6_1\ArtObjects.h(37,10): warning C4267: инициализация: преобразование из "size_t" в "int"; возможна потеря данных
H:\c++\ООП\6_1\ArtObjects.h(49,10): warning C4267: инициализация: преобразование из "size_t" в "int"; возможна потеря данных
H:\c++\ООП\6_1\ArtObjects.h(64,10): warning C4267: инициализация: преобразование из "size_t" в "int"; возможна потеря данных
H:\c++\ООП\6_1\ArtObjects.h(96,9): warning C4267: инициализация: преобразование из "size_t" в "int"; возможна потеря данных
H:\c++\ООП\6_1\Figurines.h(10,10): warning C4267: инициализация: преобразование из "size_t" в "int"; возможна потеря данных
H:\c++\ООП\6_1\Figurines.h(10,33): warning C4267: инициализация: преобразование из "size_t" в "int"; возможна потеря данных
H:\c++\ООП\6_1\Figurines.h(78,9): warning C4267: инициализация: преобразование из "size_t" в "int"; возможна потеря данных
H:\c++\ООП\6_1\Picture.h(21,9): warning C4267: инициализация: преобразование из "size_t" в "int"; возможна потеря данных
H:\c++\ООП\6_1\Picture.h(98,9): warning C4267: инициализация: преобразование из "size_t" в "int"; возможна потеря данных
H:\c++\ООП\6_1\ListArray.h(66,30): warning C4018: <: несоответствие типов со знаком и без знака
H:\c++\ООП\6_1\massiv.h(81,29): warning C4018: <: несоответствие типов со знаком и без знака
H:\c++\ООП\6_1\List.h(184): warning C4715: List<Exhibit *>::operator[]: значение возвращается не при всех путях выполнения
  6_1.vcxproj -> H:\c++\ООП\x64\Debug\6_1.exe
